<?xml version="1.0" encoding="UTF-8"?>
<TestRun id="95dd6740-a61d-456c-9b20-240d81bfbb9e" name="chen@CHEN-5DA849B0B8 2015-04-13 11:14:02" runUser="CHEN-5DA849B0B8\chen" xmlns="http://microsoft.com/schemas/VisualStudio/TeamTest/2010">
  <TestSettings name="Local" id="d194b7bf-bc73-4ba2-8ebd-41fefb5e2ee6">
    <Description>These are default test settings for a local test run.</Description>
    <Deployment enabled="false" runDeploymentRoot="chen_CHEN-5DA849B0B8 2015-04-13 11_14_02" />
    <Execution>
      <TestTypeSpecific />
      <AgentRule name="Execution Agents">
      </AgentRule>
    </Execution>
  </TestSettings>
  <Times creation="2015-04-13T11:14:02.2719352+03:00" queuing="2015-04-13T11:14:02.3344352+03:00" start="2015-04-13T11:14:02.3656852+03:00" finish="2015-04-13T11:14:03.0063102+03:00" />
  <ResultSummary outcome="Failed">
    <Counters total="2" executed="2" passed="1" error="0" failed="1" timeout="0" aborted="0" inconclusive="0" passedButRunAborted="0" notRunnable="0" notExecuted="0" disconnected="0" warning="0" completed="0" inProgress="0" pending="0" />
  </ResultSummary>
  <TestDefinitions>
    <UnitTest name="ReaccuringTestMethod" storage="c:\documents and settings\chen\my documents\visual studio 2010\projects\testproject1\testproject1\bin\debug\testproject1.dll" id="f473864e-a5ef-4bbe-a19f-7310207182c0">
      <Execution id="5a8344f2-5442-4c07-8c7b-f8a1c670c4e2" />
      <TestMethod codeBase="C:/Documents and Settings/chen/My Documents/Visual Studio 2010/Projects/TestProject1/TestProject1/bin/Debug/TestProject1.DLL" adapterTypeName="Microsoft.VisualStudio.TestTools.TestTypes.Unit.UnitTestAdapter, Microsoft.VisualStudio.QualityTools.Tips.UnitTest.Adapter, Version=10.0.0.0, Culture=neutral, PublicKeyToken=b03f5f7f11d50a3a" className="TestProject1.UnitTest2, TestProject1, Version=1.0.0.0, Culture=neutral, PublicKeyToken=null" name="ReaccuringTestMethod" />
    </UnitTest>
    <UnitTest name="ReaccuringTestMethod" storage="c:\documents and settings\chen\my documents\visual studio 2010\projects\testproject1\testproject1\bin\debug\testproject1.dll" id="bd3faae3-ecb3-0106-050a-d179d9bb9a07">
      <Execution id="08a484c2-452c-4d8e-a283-f2ef17cb941d" />
      <TestMethod codeBase="C:/Documents and Settings/chen/My Documents/Visual Studio 2010/Projects/TestProject1/TestProject1/bin/Debug/TestProject1.DLL" adapterTypeName="Microsoft.VisualStudio.TestTools.TestTypes.Unit.UnitTestAdapter, Microsoft.VisualStudio.QualityTools.Tips.UnitTest.Adapter, Version=10.0.0.0, Culture=neutral, PublicKeyToken=b03f5f7f11d50a3a" className="TestProject1.UnitTest3, TestProject1, Version=1.0.0.0, Culture=neutral, PublicKeyToken=null" name="ReaccuringTestMethod" />
    </UnitTest>
  </TestDefinitions>
  <TestLists>
    <TestList name="Results Not in a List" id="8c84fa94-04c1-424b-9868-57a2d4851a1d" />
    <TestList name="All Loaded Results" id="19431567-8539-422a-85d7-44ee4e166bda" />
  </TestLists>
  <TestEntries>
    <TestEntry testId="f473864e-a5ef-4bbe-a19f-7310207182c0" executionId="5a8344f2-5442-4c07-8c7b-f8a1c670c4e2" testListId="8c84fa94-04c1-424b-9868-57a2d4851a1d" />
    <TestEntry testId="bd3faae3-ecb3-0106-050a-d179d9bb9a07" executionId="08a484c2-452c-4d8e-a283-f2ef17cb941d" testListId="8c84fa94-04c1-424b-9868-57a2d4851a1d" />
  </TestEntries>
  <Results>
    <UnitTestResult executionId="5a8344f2-5442-4c07-8c7b-f8a1c670c4e2" testId="f473864e-a5ef-4bbe-a19f-7310207182c0" testName="ReaccuringTestMethod" computerName="CHEN-5DA849B0B8" duration="00:00:00.0249510" startTime="2015-04-13T11:14:02.3813102+03:00" endTime="2015-04-13T11:14:02.8969352+03:00" testType="13cdc9d9-ddb5-4fa4-a97d-d965ccfc6d4b" outcome="Passed" testListId="8c84fa94-04c1-424b-9868-57a2d4851a1d" relativeResultsDirectory="5a8344f2-5442-4c07-8c7b-f8a1c670c4e2">
    </UnitTestResult>
    <UnitTestResult executionId="08a484c2-452c-4d8e-a283-f2ef17cb941d" testId="bd3faae3-ecb3-0106-050a-d179d9bb9a07" testName="ReaccuringTestMethod" computerName="CHEN-5DA849B0B8" duration="00:00:00.0236566" startTime="2015-04-13T11:14:02.9125602+03:00" endTime="2015-04-13T11:14:02.9594352+03:00" testType="13cdc9d9-ddb5-4fa4-a97d-d965ccfc6d4b" outcome="Failed" testListId="8c84fa94-04c1-424b-9868-57a2d4851a1d" relativeResultsDirectory="08a484c2-452c-4d8e-a283-f2ef17cb941d">
      <Output>
        <ErrorInfo>
          <Message>Assert.IsTrue failed. This is a test from TestMethod3.</Message>
          <StackTrace>   at TestProject1.UnitTest3.ReaccuringTestMethod() in C:\Documents and Settings\chen\My Documents\Visual Studio 2010\Projects\TestProject1\TestProject1\UnitTest3.cs:line 15
</StackTrace>
        </ErrorInfo>
      </Output>
    </UnitTestResult>
  </Results>
</TestRun>