<?xml version="1.0" encoding="UTF-8"?>
<TestRun id="29fe0957-f879-43d6-9a12-6309fb0cf743" name="chen@CHEN-5DA849B0B8 2014-11-16 12:32:33" runUser="CHEN-5DA849B0B8\chen" xmlns="http://microsoft.com/schemas/VisualStudio/TeamTest/2010">
  <TestSettings name="Local" id="d194b7bf-bc73-4ba2-8ebd-41fefb5e2ee6">
    <Description>These are default test settings for a local test run.</Description>
    <Deployment enabled="false" runDeploymentRoot="chen_CHEN-5DA849B0B8 2014-11-16 12_32_33" />
    <Execution>
      <TestTypeSpecific />
      <AgentRule name="Execution Agents">
      </AgentRule>
    </Execution>
  </TestSettings>
  <Times creation="2014-11-16T12:32:33.9878615+02:00" queuing="2014-11-16T12:32:33.9978759+02:00" start="2014-11-16T12:32:34.3083223+02:00" finish="2014-11-16T12:32:34.8991719+02:00" />
  <ResultSummary outcome="Failed">
    <Counters total="1" executed="1" error="0" failed="1" timeout="0" aborted="0" inconclusive="0" passedButRunAborted="0" notRunnable="0" notExecuted="0" disconnected="0" warning="0" passed="0" completed="0" inProgress="0" pending="0" />
  </ResultSummary>
  <TestDefinitions>
    <UnitTest name="TestMethod0" storage="c:\documents and settings\chen\my documents\visual studio 2010\projects\testproject1\testproject1\bin\debug\testproject1.dll" id="d003f351-33b2-6971-36cb-56aa02a270d9">
      <Execution id="f267aee2-be5a-4ccd-94a5-58f3c874a625" />
      <TestMethod codeBase="C:/Documents and Settings/chen/My Documents/Visual Studio 2010/Projects/TestProject1/TestProject1/bin/Debug/TestProject1.DLL" adapterTypeName="Microsoft.VisualStudio.TestTools.TestTypes.Unit.UnitTestAdapter, Microsoft.VisualStudio.QualityTools.Tips.UnitTest.Adapter, Version=10.0.0.0, Culture=neutral, PublicKeyToken=b03f5f7f11d50a3a" className="TestProject1.UnitTest1, TestProject1, Version=1.0.0.0, Culture=neutral, PublicKeyToken=null" name="TestMethod0" />
    </UnitTest>
  </TestDefinitions>
  <TestLists>
    <TestList name="Results Not in a List" id="8c84fa94-04c1-424b-9868-57a2d4851a1d" />
    <TestList name="All Loaded Results" id="19431567-8539-422a-85d7-44ee4e166bda" />
  </TestLists>
  <TestEntries>
    <TestEntry testId="d003f351-33b2-6971-36cb-56aa02a270d9" executionId="f267aee2-be5a-4ccd-94a5-58f3c874a625" testListId="8c84fa94-04c1-424b-9868-57a2d4851a1d" />
  </TestEntries>
  <Results>
    <UnitTestResult executionId="f267aee2-be5a-4ccd-94a5-58f3c874a625" testId="d003f351-33b2-6971-36cb-56aa02a270d9" testName="TestMethod0" computerName="CHEN-5DA849B0B8" duration="00:00:00.0484363" startTime="2014-11-16T12:32:34.3684087+02:00" endTime="2014-11-16T12:32:34.7289271+02:00" testType="13cdc9d9-ddb5-4fa4-a97d-d965ccfc6d4b" outcome="Failed" testListId="8c84fa94-04c1-424b-9868-57a2d4851a1d" relativeResultsDirectory="f267aee2-be5a-4ccd-94a5-58f3c874a625">
      <Output>
        <ErrorInfo>
          <Message>Assert.IsTrue failed. Run 3</Message>
          <StackTrace>   at TestProject1.UnitTest1.TestMethod0() in C:\Documents and Settings\chen\My Documents\Visual Studio 2010\Projects\TestProject1\TestProject1\UnitTest1.cs:line 95
</StackTrace>
        </ErrorInfo>
      </Output>
    </UnitTestResult>
  </Results>
</TestRun>